[debug] [2020-01-28T02:54:37.743Z] ----------------------------------------------------------------------
[debug] [2020-01-28T02:54:37.745Z] Command:       /usr/local/bin/node /Users/kozakiewicz/.npm-global/bin/firebase init
[debug] [2020-01-28T02:54:37.745Z] CLI Version:   7.12.1
[debug] [2020-01-28T02:54:37.745Z] Platform:      darwin
[debug] [2020-01-28T02:54:37.745Z] Node Version:  v10.16.3
[debug] [2020-01-28T02:54:37.746Z] Time:          Tue Jan 28 2020 03:54:37 GMT+0100 (Central European Standard Time)
[debug] [2020-01-28T02:54:37.746Z] ----------------------------------------------------------------------
[debug] [2020-01-28T02:54:37.746Z] 
[debug] [2020-01-28T02:54:37.752Z] > command requires scopes: ["email","openid","https://www.googleapis.com/auth/cloudplatformprojects.readonly","https://www.googleapis.com/auth/firebase","https://www.googleapis.com/auth/cloud-platform"]
[debug] [2020-01-28T02:54:37.753Z] > authorizing via signed-in user
[info] 
     ######## #### ########  ######## ########     ###     ######  ########
     ##        ##  ##     ## ##       ##     ##  ##   ##  ##       ##
     ######    ##  ########  ######   ########  #########  ######  ######
     ##        ##  ##    ##  ##       ##     ## ##     ##       ## ##
     ##       #### ##     ## ######## ########  ##     ##  ######  ########

You're about to initialize a Firebase project in this directory:

  /Users/kozakiewicz/Desktop/Tanie logo node

[info] 
=== Project Setup
[info] 
[info] First, let's associate this project directory with a Firebase project.
[info] You can create multiple project aliases by running firebase use --add, 
[info] but for now we'll just set up a default project.
[info] 
[debug] [2020-01-28T02:54:46.972Z] > refreshing access token with scopes: ["email","https://www.googleapis.com/auth/cloud-platform","https://www.googleapis.com/auth/cloudplatformprojects.readonly","https://www.googleapis.com/auth/firebase","openid"]
[debug] [2020-01-28T02:54:46.973Z] >>> HTTP REQUEST POST https://www.googleapis.com/oauth2/v3/token  
 <request body omitted>
[debug] [2020-01-28T02:54:47.254Z] <<< HTTP RESPONSE 400
[debug] [2020-01-28T02:54:47.255Z] >>> HTTP REQUEST GET https://firebase.googleapis.com/v1beta1/projects?pageSize=100  
 
[debug] [2020-01-28T02:54:47.401Z] <<< HTTP RESPONSE 401
[debug] [2020-01-28T02:54:47.401Z] <<< HTTP RESPONSE BODY
[debug] [2020-01-28T02:54:47.403Z] HTTP Error: 401, Request had invalid authentication credentials. Expected OAuth 2 access token, login cookie or other valid authentication credential. See https://developers.google.com/identity/sign-in/web/devconsole-project.
[debug] [2020-01-28T02:54:47.405Z] FirebaseError: HTTP Error: 401, Request had invalid authentication credentials. Expected OAuth 2 access token, login cookie or other valid authentication credential. See https://developers.google.com/identity/sign-in/web/devconsole-project.
    at module.exports (/Users/kozakiewicz/.npm-global/lib/node_modules/firebase-tools/lib/responseToError.js:38:12)
    at Request._callback (/Users/kozakiewicz/.npm-global/lib/node_modules/firebase-tools/lib/api.js:39:35)
    at Request.self.callback (/Users/kozakiewicz/.npm-global/lib/node_modules/firebase-tools/node_modules/request/request.js:185:22)
    at Request.emit (events.js:198:13)
    at Request.EventEmitter.emit (domain.js:448:20)
    at Request.<anonymous> (/Users/kozakiewicz/.npm-global/lib/node_modules/firebase-tools/node_modules/request/request.js:1161:10)
    at Request.emit (events.js:198:13)
    at Request.EventEmitter.emit (domain.js:448:20)
    at IncomingMessage.<anonymous> (/Users/kozakiewicz/.npm-global/lib/node_modules/firebase-tools/node_modules/request/request.js:1083:12)
    at Object.onceWrapper (events.js:286:20)
    at IncomingMessage.emit (events.js:203:15)
    at IncomingMessage.EventEmitter.emit (domain.js:448:20)
    at endReadableNT (_stream_readable.js:1145:12)
    at process._tickCallback (internal/process/next_tick.js:63:19)
[error] 
[error] Error: Failed to list Firebase projects. See firebase-debug.log for more info.
[debug] [2020-01-28T02:54:55.740Z] ----------------------------------------------------------------------
[debug] [2020-01-28T02:54:55.741Z] Command:       /usr/local/bin/node /Users/kozakiewicz/.npm-global/bin/firebase init
[debug] [2020-01-28T02:54:55.742Z] CLI Version:   7.12.1
[debug] [2020-01-28T02:54:55.742Z] Platform:      darwin
[debug] [2020-01-28T02:54:55.742Z] Node Version:  v10.16.3
[debug] [2020-01-28T02:54:55.743Z] Time:          Tue Jan 28 2020 03:54:55 GMT+0100 (Central European Standard Time)
[debug] [2020-01-28T02:54:55.743Z] ----------------------------------------------------------------------
[debug] [2020-01-28T02:54:55.743Z] 
[debug] [2020-01-28T02:54:55.749Z] > command requires scopes: ["email","openid","https://www.googleapis.com/auth/cloudplatformprojects.readonly","https://www.googleapis.com/auth/firebase","https://www.googleapis.com/auth/cloud-platform"]
[debug] [2020-01-28T02:54:55.749Z] > authorizing via signed-in user
[info] 
     ######## #### ########  ######## ########     ###     ######  ########
     ##        ##  ##     ## ##       ##     ##  ##   ##  ##       ##
     ######    ##  ########  ######   ########  #########  ######  ######
     ##        ##  ##    ##  ##       ##     ## ##     ##       ## ##
     ##       #### ##     ## ######## ########  ##     ##  ######  ########

You're about to initialize a Firebase project in this directory:

  /Users/kozakiewicz/Desktop/Tanie logo node

[info] 
=== Project Setup
[info] 
[info] First, let's associate this project directory with a Firebase project.
[info] You can create multiple project aliases by running firebase use --add, 
[info] but for now we'll just set up a default project.
[info] 
[debug] [2020-01-28T02:55:12.262Z] > refreshing access token with scopes: ["email","https://www.googleapis.com/auth/cloud-platform","https://www.googleapis.com/auth/cloudplatformprojects.readonly","https://www.googleapis.com/auth/firebase","openid"]
[debug] [2020-01-28T02:55:12.262Z] >>> HTTP REQUEST POST https://www.googleapis.com/oauth2/v3/token  
 <request body omitted>
[debug] [2020-01-28T02:55:12.405Z] <<< HTTP RESPONSE 400
[debug] [2020-01-28T02:55:12.406Z] >>> HTTP REQUEST GET https://firebase.googleapis.com/v1beta1/availableProjects?pageSize=100  
 
[debug] [2020-01-28T02:55:12.505Z] <<< HTTP RESPONSE 401
[debug] [2020-01-28T02:55:12.505Z] <<< HTTP RESPONSE BODY
[debug] [2020-01-28T02:55:12.507Z] HTTP Error: 401, Request had invalid authentication credentials. Expected OAuth 2 access token, login cookie or other valid authentication credential. See https://developers.google.com/identity/sign-in/web/devconsole-project.
[debug] [2020-01-28T02:55:12.509Z] FirebaseError: HTTP Error: 401, Request had invalid authentication credentials. Expected OAuth 2 access token, login cookie or other valid authentication credential. See https://developers.google.com/identity/sign-in/web/devconsole-project.
    at module.exports (/Users/kozakiewicz/.npm-global/lib/node_modules/firebase-tools/lib/responseToError.js:38:12)
    at Request._callback (/Users/kozakiewicz/.npm-global/lib/node_modules/firebase-tools/lib/api.js:39:35)
    at Request.self.callback (/Users/kozakiewicz/.npm-global/lib/node_modules/firebase-tools/node_modules/request/request.js:185:22)
    at Request.emit (events.js:198:13)
    at Request.EventEmitter.emit (domain.js:448:20)
    at Request.<anonymous> (/Users/kozakiewicz/.npm-global/lib/node_modules/firebase-tools/node_modules/request/request.js:1161:10)
    at Request.emit (events.js:198:13)
    at Request.EventEmitter.emit (domain.js:448:20)
    at IncomingMessage.<anonymous> (/Users/kozakiewicz/.npm-global/lib/node_modules/firebase-tools/node_modules/request/request.js:1083:12)
    at Object.onceWrapper (events.js:286:20)
    at IncomingMessage.emit (events.js:203:15)
    at IncomingMessage.EventEmitter.emit (domain.js:448:20)
    at endReadableNT (_stream_readable.js:1145:12)
    at process._tickCallback (internal/process/next_tick.js:63:19)
[error] 
[error] Error: Failed to list available Google Cloud Platform projects. See firebase-debug.log for more info.
[debug] [2020-01-28T02:55:40.976Z] ----------------------------------------------------------------------
[debug] [2020-01-28T02:55:40.978Z] Command:       /usr/local/bin/node /Users/kozakiewicz/.npm-global/bin/firebase init
[debug] [2020-01-28T02:55:40.978Z] CLI Version:   7.12.1
[debug] [2020-01-28T02:55:40.979Z] Platform:      darwin
[debug] [2020-01-28T02:55:40.979Z] Node Version:  v10.16.3
[debug] [2020-01-28T02:55:40.980Z] Time:          Tue Jan 28 2020 03:55:40 GMT+0100 (Central European Standard Time)
[debug] [2020-01-28T02:55:40.980Z] ----------------------------------------------------------------------
[debug] [2020-01-28T02:55:40.980Z] 
[debug] [2020-01-28T02:55:40.985Z] > command requires scopes: ["email","openid","https://www.googleapis.com/auth/cloudplatformprojects.readonly","https://www.googleapis.com/auth/firebase","https://www.googleapis.com/auth/cloud-platform"]
[debug] [2020-01-28T02:55:40.986Z] > authorizing via signed-in user
[info] 
     ######## #### ########  ######## ########     ###     ######  ########
     ##        ##  ##     ## ##       ##     ##  ##   ##  ##       ##
     ######    ##  ########  ######   ########  #########  ######  ######
     ##        ##  ##    ##  ##       ##     ## ##     ##       ## ##
     ##       #### ##     ## ######## ########  ##     ##  ######  ########

You're about to initialize a Firebase project in this directory:

  /Users/kozakiewicz/Desktop/Tanie logo node

[info] 
=== Project Setup
[info] 
[info] First, let's associate this project directory with a Firebase project.
[info] You can create multiple project aliases by running firebase use --add, 
[info] but for now we'll just set up a default project.
[info] 
[info] i  If you want to create a project in a Google Cloud organization or folder, please use "firebase projects:create" instead, and return to this command when you've created the project.
[debug] [2020-01-28T02:56:14.130Z] > refreshing access token with scopes: ["email","https://www.googleapis.com/auth/cloud-platform","https://www.googleapis.com/auth/cloudplatformprojects.readonly","https://www.googleapis.com/auth/firebase","openid"]
[debug] [2020-01-28T02:56:14.131Z] >>> HTTP REQUEST POST https://www.googleapis.com/oauth2/v3/token  
 <request body omitted>
[debug] [2020-01-28T02:56:14.276Z] <<< HTTP RESPONSE 400
[debug] [2020-01-28T02:56:14.277Z] >>> HTTP REQUEST POST https://cloudresourcemanager.googleapis.com/v1/projects  

[debug] [2020-01-28T02:56:15.194Z] <<< HTTP RESPONSE 401
[debug] [2020-01-28T02:56:15.194Z] <<< HTTP RESPONSE BODY
[debug] [2020-01-28T02:56:15.196Z] HTTP Error: 401, Request had invalid authentication credentials. Expected OAuth 2 access token, login cookie or other valid authentication credential. See https://developers.google.com/identity/sign-in/web/devconsole-project.
[debug] [2020-01-28T02:56:15.198Z] FirebaseError: HTTP Error: 401, Request had invalid authentication credentials. Expected OAuth 2 access token, login cookie or other valid authentication credential. See https://developers.google.com/identity/sign-in/web/devconsole-project.
    at module.exports (/Users/kozakiewicz/.npm-global/lib/node_modules/firebase-tools/lib/responseToError.js:38:12)
    at Request._callback (/Users/kozakiewicz/.npm-global/lib/node_modules/firebase-tools/lib/api.js:39:35)
    at Request.self.callback (/Users/kozakiewicz/.npm-global/lib/node_modules/firebase-tools/node_modules/request/request.js:185:22)
    at Request.emit (events.js:198:13)
    at Request.EventEmitter.emit (domain.js:448:20)
    at Request.<anonymous> (/Users/kozakiewicz/.npm-global/lib/node_modules/firebase-tools/node_modules/request/request.js:1161:10)
    at Request.emit (events.js:198:13)
    at Request.EventEmitter.emit (domain.js:448:20)
    at IncomingMessage.<anonymous> (/Users/kozakiewicz/.npm-global/lib/node_modules/firebase-tools/node_modules/request/request.js:1083:12)
    at Object.onceWrapper (events.js:286:20)
    at IncomingMessage.emit (events.js:203:15)
    at IncomingMessage.EventEmitter.emit (domain.js:448:20)
    at endReadableNT (_stream_readable.js:1145:12)
    at process._tickCallback (internal/process/next_tick.js:63:19)
[error] 
[error] Error: Failed to create Google Cloud project. See firebase-debug.log for more info.
